<?xml version="1.0" encoding="UTF-8"?>
<!-- Generated by org.testng.reporters.JUnitXMLReporter -->
<testsuite ignored="0" hostname="DESKTOP-LKG7NPH" failures="3" tests="14" name="TNPTests" time="301.84" errors="0" timestamp="2023-09-07T19:30:06 IST">
  <testcase classname="com.tnp.qa.testcases.RegisterTest" name="verifyRegisteringAccountwithMandatoryFields" time="8.192"/>
  <testcase classname="com.tnp.qa.testcases.RegisterTest" name="verifyAccountwithAlreadyRegisteredAccount" time="6.317"/>
  <testcase classname="com.tnp.qa.testcases.RegisterTest" name="verifyAccountwithNotProvidingAnyValues" time="5.599"/>
  <testcase classname="com.tnp.qa.testcases.RegisterTest" name="verifyAccountByProvidingdifferntPassword" time="4.671">
    <failure type="java.lang.AssertionError" message="Password Confirm Warning message is not Displayed expected [true] but found [false]">
      <![CDATA[java.lang.AssertionError: Password Confirm Warning message is not Displayed expected [true] but found [false]
at com.tnp.qa.testcases.RegisterTest.verifyAccountByProvidingdifferntPassword(RegisterTest.java:119)
at java.base/java.util.ArrayList.forEach(ArrayList.java:1511)
... Removed 32 stack frames]]>
    </failure>
  </testcase> <!-- verifyAccountByProvidingdifferntPassword -->
  <testcase classname="com.tnp.qa.testcases.LoginTest" name="LoginwithValidCredentials" time="6.022"/>
  <testcase classname="com.tnp.qa.testcases.LoginTest" name="LoginwithValidCredentials" time="5.817"/>
  <testcase classname="com.tnp.qa.testcases.LoginTest" name="LoginwithValidCredentials" time="5.885"/>
  <testcase classname="com.tnp.qa.testcases.LoginTest" name="LoginwithInValidCredentials" time="4.902"/>
  <testcase classname="com.tnp.qa.testcases.LoginTest" name="LoginwithInValidEmailAndValidPassword" time="4.86"/>
  <testcase classname="com.tnp.qa.testcases.LoginTest" name="LoginwithValidEmailAndInValidPassword" time="4.678"/>
  <testcase classname="com.tnp.qa.testcases.LoginTest" name="LoginwithoutCredentials" time="2.462">
    <failure type="java.lang.AssertionError" message="Expected Warning Message is not displayed expected [true] but found [false]">
      <![CDATA[java.lang.AssertionError: Expected Warning Message is not displayed expected [true] but found [false]
at com.tnp.qa.testcases.LoginTest.LoginwithoutCredentials(LoginTest.java:108)
at java.base/java.util.ArrayList.forEach(ArrayList.java:1511)
... Removed 32 stack frames]]>
    </failure>
  </testcase> <!-- LoginwithoutCredentials -->
  <testcase classname="com.tnp.qa.testcases.SearchTest" name="verifySearchwithValidProduct" time="0.604"/>
  <testcase classname="com.tnp.qa.testcases.SearchTest" name="verifySearchwithInValidProduct" time="0.679">
    <failure type="java.lang.AssertionError" message="No Product Found Text is not Displayed expected [true] but found [false]">
      <![CDATA[java.lang.AssertionError: No Product Found Text is not Displayed expected [true] but found [false]
at com.tnp.qa.testcases.SearchTest.verifySearchwithInValidProduct(SearchTest.java:47)
at java.base/java.util.ArrayList.forEach(ArrayList.java:1511)
... Removed 32 stack frames]]>
    </failure>
  </testcase> <!-- verifySearchwithInValidProduct -->
  <testcase classname="com.tnp.qa.testcases.SearchTest" name="verifySearchwithNoProduct" time="0.0">
    <skipped/>
  </testcase> <!-- verifySearchwithNoProduct -->
</testsuite> <!-- TNPTests -->
